[2024-06-26T06:16:50.828+0000] {manager.py:470} INFO - Processing files using up to 2 processes at a time 
[2024-06-26T06:16:50.830+0000] {manager.py:471} INFO - Process each file at most once every 30 seconds
[2024-06-26T06:16:50.831+0000] {manager.py:472} INFO - Checking for new files in /opt/airflow/dags every 300 seconds
[2024-06-26T06:16:50.833+0000] {manager.py:737} INFO - Searching for files in /opt/airflow/dags
[2024-06-26T06:16:50.889+0000] {manager.py:740} INFO - There are 1 files in /opt/airflow/dags
[2024-06-26T06:16:51.005+0000] {manager.py:878} INFO - 
================================================================================
DAG File Processing Stats

File Path                          PID  Runtime      # DAGs    # Errors  Last Runtime    Last Run
-------------------------------  -----  ---------  --------  ----------  --------------  ----------
/opt/airflow/dags/crawwebdag.py    103  0.05s             0           0
================================================================================
[2024-06-26T06:17:21.051+0000] {manager.py:878} INFO - 
================================================================================
DAG File Processing Stats

File Path                        PID    Runtime      # DAGs    # Errors  Last Runtime    Last Run
-------------------------------  -----  ---------  --------  ----------  --------------  -------------------
/opt/airflow/dags/crawwebdag.py                           1           0  1.94s           2024-06-26T06:16:52
================================================================================
[2024-06-26T06:17:51.314+0000] {manager.py:878} INFO - 
================================================================================
DAG File Processing Stats

File Path                        PID    Runtime      # DAGs    # Errors  Last Runtime    Last Run
-------------------------------  -----  ---------  --------  ----------  --------------  -------------------
/opt/airflow/dags/crawwebdag.py                           1           0  1.24s           2024-06-26T06:17:24
================================================================================
[2024-06-26T06:18:21.660+0000] {manager.py:878} INFO - 
================================================================================
DAG File Processing Stats

File Path                        PID    Runtime      # DAGs    # Errors  Last Runtime    Last Run
-------------------------------  -----  ---------  --------  ----------  --------------  -------------------
/opt/airflow/dags/crawwebdag.py                           1           0  1.34s           2024-06-26T06:17:55
================================================================================
[2024-06-26T06:18:52.049+0000] {manager.py:878} INFO - 
================================================================================
DAG File Processing Stats

File Path                        PID    Runtime      # DAGs    # Errors  Last Runtime    Last Run
-------------------------------  -----  ---------  --------  ----------  --------------  -------------------
/opt/airflow/dags/crawwebdag.py                           1           0  3.07s           2024-06-26T06:18:28
================================================================================
[2024-06-26T06:19:22.350+0000] {manager.py:878} INFO - 
================================================================================
DAG File Processing Stats

File Path                        PID    Runtime      # DAGs    # Errors  Last Runtime    Last Run
-------------------------------  -----  ---------  --------  ----------  --------------  -------------------
/opt/airflow/dags/crawwebdag.py                           1           0  1.89s           2024-06-26T06:19:01
================================================================================
[2024-06-26T06:19:52.516+0000] {manager.py:878} INFO - 
================================================================================
DAG File Processing Stats

File Path                        PID    Runtime      # DAGs    # Errors  Last Runtime    Last Run
-------------------------------  -----  ---------  --------  ----------  --------------  -------------------
/opt/airflow/dags/crawwebdag.py                           1           0  12.88s          2024-06-26T06:19:44
================================================================================
[2024-06-26T06:24:22.428+0000] {manager.py:470} INFO - Processing files using up to 2 processes at a time 
[2024-06-26T06:24:22.430+0000] {manager.py:471} INFO - Process each file at most once every 30 seconds
[2024-06-26T06:24:22.431+0000] {manager.py:472} INFO - Checking for new files in /opt/airflow/dags every 300 seconds
[2024-06-26T06:24:22.432+0000] {manager.py:737} INFO - Searching for files in /opt/airflow/dags
[2024-06-26T06:24:22.472+0000] {manager.py:740} INFO - There are 1 files in /opt/airflow/dags
[2024-06-26T06:24:22.560+0000] {manager.py:878} INFO - 
================================================================================
DAG File Processing Stats

File Path                          PID  Runtime      # DAGs    # Errors  Last Runtime    Last Run
-------------------------------  -----  ---------  --------  ----------  --------------  ----------
/opt/airflow/dags/crawwebdag.py     90  0.03s             0           0
================================================================================
[2024-06-26T06:24:52.707+0000] {manager.py:878} INFO - 
================================================================================
DAG File Processing Stats

File Path                        PID    Runtime      # DAGs    # Errors  Last Runtime    Last Run
-------------------------------  -----  ---------  --------  ----------  --------------  -------------------
/opt/airflow/dags/crawwebdag.py                           1           0  1.53s           2024-06-26T06:24:24
================================================================================
[2024-06-26T06:25:22.866+0000] {manager.py:878} INFO - 
================================================================================
DAG File Processing Stats

File Path                        PID    Runtime      # DAGs    # Errors  Last Runtime    Last Run
-------------------------------  -----  ---------  --------  ----------  --------------  -------------------
/opt/airflow/dags/crawwebdag.py                           1           0  0.93s           2024-06-26T06:24:55
================================================================================
[2024-06-26T06:25:53.462+0000] {manager.py:878} INFO - 
================================================================================
DAG File Processing Stats

File Path                        PID    Runtime      # DAGs    # Errors  Last Runtime    Last Run
-------------------------------  -----  ---------  --------  ----------  --------------  -------------------
/opt/airflow/dags/crawwebdag.py                           1           0  1.02s           2024-06-26T06:25:26
================================================================================
[2024-06-26T06:26:23.472+0000] {manager.py:878} INFO - 
================================================================================
DAG File Processing Stats

File Path                        PID    Runtime      # DAGs    # Errors  Last Runtime    Last Run
-------------------------------  -----  ---------  --------  ----------  --------------  -------------------
/opt/airflow/dags/crawwebdag.py                           1           0  0.84s           2024-06-26T06:25:57
================================================================================
[2024-06-26T06:26:53.540+0000] {manager.py:878} INFO - 
================================================================================
DAG File Processing Stats

File Path                        PID    Runtime      # DAGs    # Errors  Last Runtime    Last Run
-------------------------------  -----  ---------  --------  ----------  --------------  -------------------
/opt/airflow/dags/crawwebdag.py                           1           0  0.90s           2024-06-26T06:26:28
================================================================================
[2024-06-26T06:27:23.715+0000] {manager.py:878} INFO - 
================================================================================
DAG File Processing Stats

File Path                        PID    Runtime      # DAGs    # Errors  Last Runtime    Last Run
-------------------------------  -----  ---------  --------  ----------  --------------  -------------------
/opt/airflow/dags/crawwebdag.py                           1           0  1.04s           2024-06-26T06:26:59
================================================================================
[2024-06-26T06:27:53.863+0000] {manager.py:878} INFO - 
================================================================================
DAG File Processing Stats

File Path                        PID    Runtime      # DAGs    # Errors  Last Runtime    Last Run
-------------------------------  -----  ---------  --------  ----------  --------------  -------------------
/opt/airflow/dags/crawwebdag.py                           1           0  0.81s           2024-06-26T06:27:30
================================================================================
[2024-06-26T06:28:24.004+0000] {manager.py:878} INFO - 
================================================================================
DAG File Processing Stats

File Path                        PID    Runtime      # DAGs    # Errors  Last Runtime    Last Run
-------------------------------  -----  ---------  --------  ----------  --------------  -------------------
/opt/airflow/dags/crawwebdag.py                           1           0  0.86s           2024-06-26T06:28:01
================================================================================
[2024-06-26T06:28:54.144+0000] {manager.py:878} INFO - 
================================================================================
DAG File Processing Stats

File Path                        PID    Runtime      # DAGs    # Errors  Last Runtime    Last Run
-------------------------------  -----  ---------  --------  ----------  --------------  -------------------
/opt/airflow/dags/crawwebdag.py                           1           0  0.87s           2024-06-26T06:28:32
================================================================================
[2024-06-26T06:29:12.830+0000] {manager.py:452} INFO - Exiting gracefully upon receiving signal 15
