[2024-06-26T06:16:50.983+0000] {processor.py:161} INFO - Started process (PID=103) to work on /opt/airflow/dags/crawwebdag.py
[2024-06-26T06:16:50.985+0000] {processor.py:830} INFO - Processing file /opt/airflow/dags/crawwebdag.py for tasks to queue
[2024-06-26T06:16:50.988+0000] {logging_mixin.py:188} INFO - [2024-06-26T06:16:50.987+0000] {dagbag.py:540} INFO - Filling up the DagBag from /opt/airflow/dags/crawwebdag.py
[2024-06-26T06:16:52.443+0000] {processor.py:840} INFO - DAG(s) 'web_scraping_dag' retrieved from /opt/airflow/dags/crawwebdag.py
[2024-06-26T06:16:52.776+0000] {logging_mixin.py:188} INFO - [2024-06-26T06:16:52.775+0000] {override.py:1829} INFO - Created Permission View: can read on DAG:web_scraping_dag
[2024-06-26T06:16:52.796+0000] {logging_mixin.py:188} INFO - [2024-06-26T06:16:52.796+0000] {override.py:1829} INFO - Created Permission View: can delete on DAG:web_scraping_dag
[2024-06-26T06:16:52.806+0000] {logging_mixin.py:188} INFO - [2024-06-26T06:16:52.805+0000] {override.py:1829} INFO - Created Permission View: can edit on DAG:web_scraping_dag
[2024-06-26T06:16:52.808+0000] {logging_mixin.py:188} INFO - [2024-06-26T06:16:52.807+0000] {dag.py:3096} INFO - Sync 1 DAGs
[2024-06-26T06:16:52.825+0000] {logging_mixin.py:188} INFO - [2024-06-26T06:16:52.824+0000] {dag.py:3118} INFO - Creating ORM DAG for web_scraping_dag
[2024-06-26T06:16:52.842+0000] {logging_mixin.py:188} INFO - [2024-06-26T06:16:52.842+0000] {dag.py:3954} INFO - Setting next_dagrun for web_scraping_dag to 2024-06-26 06:16:52.423649+00:00, run_after=2024-06-27 06:16:52.423649+00:00
[2024-06-26T06:16:52.870+0000] {processor.py:183} INFO - Processing /opt/airflow/dags/crawwebdag.py took 1.894 seconds
[2024-06-26T06:17:23.095+0000] {processor.py:161} INFO - Started process (PID=119) to work on /opt/airflow/dags/crawwebdag.py
[2024-06-26T06:17:23.096+0000] {processor.py:830} INFO - Processing file /opt/airflow/dags/crawwebdag.py for tasks to queue
[2024-06-26T06:17:23.098+0000] {logging_mixin.py:188} INFO - [2024-06-26T06:17:23.098+0000] {dagbag.py:540} INFO - Filling up the DagBag from /opt/airflow/dags/crawwebdag.py
[2024-06-26T06:17:23.979+0000] {processor.py:840} INFO - DAG(s) 'web_scraping_dag' retrieved from /opt/airflow/dags/crawwebdag.py
[2024-06-26T06:17:24.084+0000] {logging_mixin.py:188} INFO - [2024-06-26T06:17:24.083+0000] {dag.py:3096} INFO - Sync 1 DAGs
[2024-06-26T06:17:24.106+0000] {logging_mixin.py:188} INFO - [2024-06-26T06:17:24.106+0000] {dag.py:3954} INFO - Setting next_dagrun for web_scraping_dag to 2024-06-26 06:17:23.973563+00:00, run_after=2024-06-27 06:17:23.973563+00:00
[2024-06-26T06:17:24.296+0000] {processor.py:183} INFO - Processing /opt/airflow/dags/crawwebdag.py took 1.207 seconds
[2024-06-26T06:17:54.377+0000] {processor.py:161} INFO - Started process (PID=143) to work on /opt/airflow/dags/crawwebdag.py
[2024-06-26T06:17:54.379+0000] {processor.py:830} INFO - Processing file /opt/airflow/dags/crawwebdag.py for tasks to queue
[2024-06-26T06:17:54.381+0000] {logging_mixin.py:188} INFO - [2024-06-26T06:17:54.380+0000] {dagbag.py:540} INFO - Filling up the DagBag from /opt/airflow/dags/crawwebdag.py
[2024-06-26T06:17:55.410+0000] {processor.py:840} INFO - DAG(s) 'web_scraping_dag' retrieved from /opt/airflow/dags/crawwebdag.py
[2024-06-26T06:17:55.572+0000] {logging_mixin.py:188} INFO - [2024-06-26T06:17:55.571+0000] {dag.py:3096} INFO - Sync 1 DAGs
[2024-06-26T06:17:55.611+0000] {logging_mixin.py:188} INFO - [2024-06-26T06:17:55.611+0000] {dag.py:3954} INFO - Setting next_dagrun for web_scraping_dag to 2024-06-26 06:17:55.402100+00:00, run_after=2024-06-27 06:17:55.402100+00:00
[2024-06-26T06:17:55.656+0000] {processor.py:183} INFO - Processing /opt/airflow/dags/crawwebdag.py took 1.286 seconds
[2024-06-26T06:18:25.833+0000] {processor.py:161} INFO - Started process (PID=152) to work on /opt/airflow/dags/crawwebdag.py
[2024-06-26T06:18:25.837+0000] {processor.py:830} INFO - Processing file /opt/airflow/dags/crawwebdag.py for tasks to queue
[2024-06-26T06:18:25.842+0000] {logging_mixin.py:188} INFO - [2024-06-26T06:18:25.842+0000] {dagbag.py:540} INFO - Filling up the DagBag from /opt/airflow/dags/crawwebdag.py
[2024-06-26T06:18:28.243+0000] {processor.py:840} INFO - DAG(s) 'web_scraping_dag' retrieved from /opt/airflow/dags/crawwebdag.py
[2024-06-26T06:18:28.622+0000] {logging_mixin.py:188} INFO - [2024-06-26T06:18:28.619+0000] {dag.py:3096} INFO - Sync 1 DAGs
[2024-06-26T06:18:28.697+0000] {logging_mixin.py:188} INFO - [2024-06-26T06:18:28.697+0000] {dag.py:3954} INFO - Setting next_dagrun for web_scraping_dag to 2024-06-26 06:18:28.225712+00:00, run_after=2024-06-27 06:18:28.225712+00:00
[2024-06-26T06:18:28.757+0000] {processor.py:183} INFO - Processing /opt/airflow/dags/crawwebdag.py took 2.942 seconds
[2024-06-26T06:18:59.214+0000] {processor.py:161} INFO - Started process (PID=168) to work on /opt/airflow/dags/crawwebdag.py
[2024-06-26T06:18:59.216+0000] {processor.py:830} INFO - Processing file /opt/airflow/dags/crawwebdag.py for tasks to queue
[2024-06-26T06:18:59.219+0000] {logging_mixin.py:188} INFO - [2024-06-26T06:18:59.218+0000] {dagbag.py:540} INFO - Filling up the DagBag from /opt/airflow/dags/crawwebdag.py
[2024-06-26T06:19:00.736+0000] {processor.py:840} INFO - DAG(s) 'web_scraping_dag' retrieved from /opt/airflow/dags/crawwebdag.py
[2024-06-26T06:19:00.967+0000] {logging_mixin.py:188} INFO - [2024-06-26T06:19:00.966+0000] {dag.py:3096} INFO - Sync 1 DAGs
[2024-06-26T06:19:00.999+0000] {logging_mixin.py:188} INFO - [2024-06-26T06:19:00.998+0000] {dag.py:3954} INFO - Setting next_dagrun for web_scraping_dag to 2024-06-26 06:19:00.717915+00:00, run_after=2024-06-27 06:19:00.717915+00:00
[2024-06-26T06:19:01.037+0000] {processor.py:183} INFO - Processing /opt/airflow/dags/crawwebdag.py took 1.832 seconds
[2024-06-26T06:19:32.327+0000] {processor.py:161} INFO - Started process (PID=184) to work on /opt/airflow/dags/crawwebdag.py
[2024-06-26T06:19:32.335+0000] {processor.py:830} INFO - Processing file /opt/airflow/dags/crawwebdag.py for tasks to queue
[2024-06-26T06:19:32.382+0000] {logging_mixin.py:188} INFO - [2024-06-26T06:19:32.365+0000] {dagbag.py:540} INFO - Filling up the DagBag from /opt/airflow/dags/crawwebdag.py
[2024-06-26T06:19:43.548+0000] {processor.py:840} INFO - DAG(s) 'web_scraping_dag' retrieved from /opt/airflow/dags/crawwebdag.py
[2024-06-26T06:19:44.206+0000] {logging_mixin.py:188} INFO - [2024-06-26T06:19:44.205+0000] {dag.py:3096} INFO - Sync 1 DAGs
[2024-06-26T06:19:44.297+0000] {logging_mixin.py:188} INFO - [2024-06-26T06:19:44.296+0000] {dag.py:3954} INFO - Setting next_dagrun for web_scraping_dag to 2024-06-26 06:19:43.405398+00:00, run_after=2024-06-27 06:19:43.405398+00:00
[2024-06-26T06:19:44.392+0000] {processor.py:183} INFO - Processing /opt/airflow/dags/crawwebdag.py took 12.515 seconds
[2024-06-26T06:24:22.547+0000] {processor.py:161} INFO - Started process (PID=90) to work on /opt/airflow/dags/crawwebdag.py
[2024-06-26T06:24:22.548+0000] {processor.py:830} INFO - Processing file /opt/airflow/dags/crawwebdag.py for tasks to queue
[2024-06-26T06:24:22.550+0000] {logging_mixin.py:188} INFO - [2024-06-26T06:24:22.550+0000] {dagbag.py:540} INFO - Filling up the DagBag from /opt/airflow/dags/crawwebdag.py
[2024-06-26T06:24:23.743+0000] {processor.py:840} INFO - DAG(s) 'web_scraping_dag' retrieved from /opt/airflow/dags/crawwebdag.py
[2024-06-26T06:24:23.984+0000] {logging_mixin.py:188} INFO - [2024-06-26T06:24:23.984+0000] {dag.py:3096} INFO - Sync 1 DAGs
[2024-06-26T06:24:24.012+0000] {logging_mixin.py:188} INFO - [2024-06-26T06:24:24.011+0000] {dag.py:3954} INFO - Setting next_dagrun for web_scraping_dag to 2024-06-26 06:24:23.725277+00:00, run_after=2024-06-27 06:24:23.725277+00:00
[2024-06-26T06:24:24.040+0000] {processor.py:183} INFO - Processing /opt/airflow/dags/crawwebdag.py took 1.498 seconds
[2024-06-26T06:24:54.235+0000] {processor.py:161} INFO - Started process (PID=106) to work on /opt/airflow/dags/crawwebdag.py
[2024-06-26T06:24:54.236+0000] {processor.py:830} INFO - Processing file /opt/airflow/dags/crawwebdag.py for tasks to queue
[2024-06-26T06:24:54.238+0000] {logging_mixin.py:188} INFO - [2024-06-26T06:24:54.238+0000] {dagbag.py:540} INFO - Filling up the DagBag from /opt/airflow/dags/crawwebdag.py
[2024-06-26T06:24:54.998+0000] {processor.py:840} INFO - DAG(s) 'web_scraping_dag' retrieved from /opt/airflow/dags/crawwebdag.py
[2024-06-26T06:24:55.096+0000] {logging_mixin.py:188} INFO - [2024-06-26T06:24:55.095+0000] {dag.py:3096} INFO - Sync 1 DAGs
[2024-06-26T06:24:55.114+0000] {logging_mixin.py:188} INFO - [2024-06-26T06:24:55.114+0000] {dag.py:3954} INFO - Setting next_dagrun for web_scraping_dag to 2024-06-26 06:24:54.994232+00:00, run_after=2024-06-27 06:24:54.994232+00:00
[2024-06-26T06:24:55.134+0000] {processor.py:183} INFO - Processing /opt/airflow/dags/crawwebdag.py took 0.904 seconds
[2024-06-26T06:25:25.326+0000] {processor.py:161} INFO - Started process (PID=129) to work on /opt/airflow/dags/crawwebdag.py
[2024-06-26T06:25:25.327+0000] {processor.py:830} INFO - Processing file /opt/airflow/dags/crawwebdag.py for tasks to queue
[2024-06-26T06:25:25.329+0000] {logging_mixin.py:188} INFO - [2024-06-26T06:25:25.328+0000] {dagbag.py:540} INFO - Filling up the DagBag from /opt/airflow/dags/crawwebdag.py
[2024-06-26T06:25:26.136+0000] {processor.py:840} INFO - DAG(s) 'web_scraping_dag' retrieved from /opt/airflow/dags/crawwebdag.py
[2024-06-26T06:25:26.260+0000] {logging_mixin.py:188} INFO - [2024-06-26T06:25:26.259+0000] {dag.py:3096} INFO - Sync 1 DAGs
[2024-06-26T06:25:26.286+0000] {logging_mixin.py:188} INFO - [2024-06-26T06:25:26.286+0000] {dag.py:3954} INFO - Setting next_dagrun for web_scraping_dag to 2024-06-26 06:25:26.131582+00:00, run_after=2024-06-27 06:25:26.131582+00:00
[2024-06-26T06:25:26.311+0000] {processor.py:183} INFO - Processing /opt/airflow/dags/crawwebdag.py took 0.991 seconds
[2024-06-26T06:25:56.506+0000] {processor.py:161} INFO - Started process (PID=145) to work on /opt/airflow/dags/crawwebdag.py
[2024-06-26T06:25:56.507+0000] {processor.py:830} INFO - Processing file /opt/airflow/dags/crawwebdag.py for tasks to queue
[2024-06-26T06:25:56.508+0000] {logging_mixin.py:188} INFO - [2024-06-26T06:25:56.508+0000] {dagbag.py:540} INFO - Filling up the DagBag from /opt/airflow/dags/crawwebdag.py
[2024-06-26T06:25:57.175+0000] {processor.py:840} INFO - DAG(s) 'web_scraping_dag' retrieved from /opt/airflow/dags/crawwebdag.py
[2024-06-26T06:25:57.279+0000] {logging_mixin.py:188} INFO - [2024-06-26T06:25:57.279+0000] {dag.py:3096} INFO - Sync 1 DAGs
[2024-06-26T06:25:57.298+0000] {logging_mixin.py:188} INFO - [2024-06-26T06:25:57.298+0000] {dag.py:3954} INFO - Setting next_dagrun for web_scraping_dag to 2024-06-26 06:25:57.171057+00:00, run_after=2024-06-27 06:25:57.171057+00:00
[2024-06-26T06:25:57.316+0000] {processor.py:183} INFO - Processing /opt/airflow/dags/crawwebdag.py took 0.815 seconds
[2024-06-26T06:26:27.524+0000] {processor.py:161} INFO - Started process (PID=161) to work on /opt/airflow/dags/crawwebdag.py
[2024-06-26T06:26:27.525+0000] {processor.py:830} INFO - Processing file /opt/airflow/dags/crawwebdag.py for tasks to queue
[2024-06-26T06:26:27.527+0000] {logging_mixin.py:188} INFO - [2024-06-26T06:26:27.526+0000] {dagbag.py:540} INFO - Filling up the DagBag from /opt/airflow/dags/crawwebdag.py
[2024-06-26T06:26:28.249+0000] {processor.py:840} INFO - DAG(s) 'web_scraping_dag' retrieved from /opt/airflow/dags/crawwebdag.py
[2024-06-26T06:26:28.346+0000] {logging_mixin.py:188} INFO - [2024-06-26T06:26:28.346+0000] {dag.py:3096} INFO - Sync 1 DAGs
[2024-06-26T06:26:28.364+0000] {logging_mixin.py:188} INFO - [2024-06-26T06:26:28.364+0000] {dag.py:3954} INFO - Setting next_dagrun for web_scraping_dag to 2024-06-26 06:26:28.244914+00:00, run_after=2024-06-27 06:26:28.244914+00:00
[2024-06-26T06:26:28.384+0000] {processor.py:183} INFO - Processing /opt/airflow/dags/crawwebdag.py took 0.866 seconds
[2024-06-26T06:26:58.597+0000] {processor.py:161} INFO - Started process (PID=184) to work on /opt/airflow/dags/crawwebdag.py
[2024-06-26T06:26:58.598+0000] {processor.py:830} INFO - Processing file /opt/airflow/dags/crawwebdag.py for tasks to queue
[2024-06-26T06:26:58.600+0000] {logging_mixin.py:188} INFO - [2024-06-26T06:26:58.599+0000] {dagbag.py:540} INFO - Filling up the DagBag from /opt/airflow/dags/crawwebdag.py
[2024-06-26T06:26:59.450+0000] {processor.py:840} INFO - DAG(s) 'web_scraping_dag' retrieved from /opt/airflow/dags/crawwebdag.py
[2024-06-26T06:26:59.557+0000] {logging_mixin.py:188} INFO - [2024-06-26T06:26:59.556+0000] {dag.py:3096} INFO - Sync 1 DAGs
[2024-06-26T06:26:59.579+0000] {logging_mixin.py:188} INFO - [2024-06-26T06:26:59.578+0000] {dag.py:3954} INFO - Setting next_dagrun for web_scraping_dag to 2024-06-26 06:26:59.445967+00:00, run_after=2024-06-27 06:26:59.445967+00:00
[2024-06-26T06:26:59.602+0000] {processor.py:183} INFO - Processing /opt/airflow/dags/crawwebdag.py took 1.011 seconds
[2024-06-26T06:27:29.771+0000] {processor.py:161} INFO - Started process (PID=200) to work on /opt/airflow/dags/crawwebdag.py
[2024-06-26T06:27:29.772+0000] {processor.py:830} INFO - Processing file /opt/airflow/dags/crawwebdag.py for tasks to queue
[2024-06-26T06:27:29.774+0000] {logging_mixin.py:188} INFO - [2024-06-26T06:27:29.773+0000] {dagbag.py:540} INFO - Filling up the DagBag from /opt/airflow/dags/crawwebdag.py
[2024-06-26T06:27:30.415+0000] {processor.py:840} INFO - DAG(s) 'web_scraping_dag' retrieved from /opt/airflow/dags/crawwebdag.py
[2024-06-26T06:27:30.504+0000] {logging_mixin.py:188} INFO - [2024-06-26T06:27:30.504+0000] {dag.py:3096} INFO - Sync 1 DAGs
[2024-06-26T06:27:30.527+0000] {logging_mixin.py:188} INFO - [2024-06-26T06:27:30.526+0000] {dag.py:3954} INFO - Setting next_dagrun for web_scraping_dag to 2024-06-26 06:27:30.411344+00:00, run_after=2024-06-27 06:27:30.411344+00:00
[2024-06-26T06:27:30.551+0000] {processor.py:183} INFO - Processing /opt/airflow/dags/crawwebdag.py took 0.784 seconds
[2024-06-26T06:28:00.754+0000] {processor.py:161} INFO - Started process (PID=216) to work on /opt/airflow/dags/crawwebdag.py
[2024-06-26T06:28:00.755+0000] {processor.py:830} INFO - Processing file /opt/airflow/dags/crawwebdag.py for tasks to queue
[2024-06-26T06:28:00.757+0000] {logging_mixin.py:188} INFO - [2024-06-26T06:28:00.756+0000] {dagbag.py:540} INFO - Filling up the DagBag from /opt/airflow/dags/crawwebdag.py
[2024-06-26T06:28:01.439+0000] {processor.py:840} INFO - DAG(s) 'web_scraping_dag' retrieved from /opt/airflow/dags/crawwebdag.py
[2024-06-26T06:28:01.544+0000] {logging_mixin.py:188} INFO - [2024-06-26T06:28:01.544+0000] {dag.py:3096} INFO - Sync 1 DAGs
[2024-06-26T06:28:01.563+0000] {logging_mixin.py:188} INFO - [2024-06-26T06:28:01.563+0000] {dag.py:3954} INFO - Setting next_dagrun for web_scraping_dag to 2024-06-26 06:28:01.433429+00:00, run_after=2024-06-27 06:28:01.433429+00:00
[2024-06-26T06:28:01.582+0000] {processor.py:183} INFO - Processing /opt/airflow/dags/crawwebdag.py took 0.833 seconds
[2024-06-26T06:28:31.778+0000] {processor.py:161} INFO - Started process (PID=239) to work on /opt/airflow/dags/crawwebdag.py
[2024-06-26T06:28:31.779+0000] {processor.py:830} INFO - Processing file /opt/airflow/dags/crawwebdag.py for tasks to queue
[2024-06-26T06:28:31.780+0000] {logging_mixin.py:188} INFO - [2024-06-26T06:28:31.780+0000] {dagbag.py:540} INFO - Filling up the DagBag from /opt/airflow/dags/crawwebdag.py
[2024-06-26T06:28:32.492+0000] {processor.py:840} INFO - DAG(s) 'web_scraping_dag' retrieved from /opt/airflow/dags/crawwebdag.py
[2024-06-26T06:28:32.579+0000] {logging_mixin.py:188} INFO - [2024-06-26T06:28:32.579+0000] {dag.py:3096} INFO - Sync 1 DAGs
[2024-06-26T06:28:32.597+0000] {logging_mixin.py:188} INFO - [2024-06-26T06:28:32.597+0000] {dag.py:3954} INFO - Setting next_dagrun for web_scraping_dag to 2024-06-26 06:28:32.488074+00:00, run_after=2024-06-27 06:28:32.488074+00:00
[2024-06-26T06:28:32.617+0000] {processor.py:183} INFO - Processing /opt/airflow/dags/crawwebdag.py took 0.845 seconds
[2024-06-26T06:29:02.804+0000] {processor.py:161} INFO - Started process (PID=255) to work on /opt/airflow/dags/crawwebdag.py
[2024-06-26T06:29:02.805+0000] {processor.py:830} INFO - Processing file /opt/airflow/dags/crawwebdag.py for tasks to queue
[2024-06-26T06:29:02.807+0000] {logging_mixin.py:188} INFO - [2024-06-26T06:29:02.807+0000] {dagbag.py:540} INFO - Filling up the DagBag from /opt/airflow/dags/crawwebdag.py
[2024-06-26T06:29:03.522+0000] {processor.py:840} INFO - DAG(s) 'web_scraping_dag' retrieved from /opt/airflow/dags/crawwebdag.py
[2024-06-26T06:29:03.634+0000] {logging_mixin.py:188} INFO - [2024-06-26T06:29:03.633+0000] {dag.py:3096} INFO - Sync 1 DAGs
[2024-06-26T06:29:03.658+0000] {logging_mixin.py:188} INFO - [2024-06-26T06:29:03.657+0000] {dag.py:3954} INFO - Setting next_dagrun for web_scraping_dag to 2024-06-26 06:29:03.515820+00:00, run_after=2024-06-27 06:29:03.515820+00:00
[2024-06-26T06:29:03.683+0000] {processor.py:183} INFO - Processing /opt/airflow/dags/crawwebdag.py took 0.885 seconds
